(0000) 3000  0011000000000000 (   1)                 .ORIG x3000
(3000) 5020  0101000000100000 (   3) LOOP            AND   R0 R0 #0
(3001) 54A0  0101010010100000 (   4)                 AND   R2 R2 #0
(3002) 5920  0101100100100000 (   5)                 AND   R4 R4 #0
(3003) 5B60  0101101101100000 (   6)                 AND   R5 R5 #0
(3004) 5DA0  0101110110100000 (   7)                 AND   R6 R6 #0
(3005) 5FE0  0101111111100000 (   8)                 AND   R7 R7 #0
(3006) 48D5  0100100011010101 (   9)                 JSR   OUTPUT
(3007) 30F9  0011000011111001 (  10)                 ST    R0 TEMPSTONER0
(3008) F023  1111000000100011 (  11)                 TRAP  x23
(3009) 1220  0001001000100000 (  14)                 ADD   R1 R0 #0
(300A) 26F3  0010011011110011 (  15)                 LD    R3 Q
(300B) 96FF  1001011011111111 (  16)                 NOT   R3 R3
(300C) 16E1  0001011011100001 (  17)                 ADD   R3 R3 #1
(300D) 1643  0001011001000011 (  18)                 ADD   R3 R1 R3
(300E) 04ED  0000010011101101 (  19)                 BRZ   EN
(300F) 26EF  0010011011101111 (  20)                 LD    R3 A
(3010) 96FF  1001011011111111 (  21)                 NOT   R3 R3
(3011) 16E1  0001011011100001 (  22)                 ADD   R3 R3 #1
(3012) 1643  0001011001000011 (  23)                 ADD   R3 R1 R3
(3013) 08DB  0000100011011011 (  24)                 BRN   WRONGOUTPUT
(3014) 26EB  0010011011101011 (  25)                 LD    R3 G
(3015) 96FF  1001011011111111 (  26)                 NOT   R3 R3
(3016) 16E1  0001011011100001 (  27)                 ADD   R3 R3 #1
(3017) 1643  0001011001000011 (  28)                 ADD   R3 R1 R3
(3018) 02D6  0000001011010110 (  29)                 BRP   WRONGOUTPUT
(3019) 481D  0100100000011101 (  30)                 JSR   ANUMSUB
(301A) 38ED  0011100011101101 (  31)                 ST    R4 ANUM
(301B) F023  1111000000100011 (  32)                 TRAP  x23
(301C) 1420  0001010000100000 (  33)                 ADD   R2 R0 #0
(301D) 26F3  0010011011110011 (  34)                 LD    R3 ASCLL0
(301E) 96FF  1001011011111111 (  35)                 NOT   R3 R3
(301F) 16E1  0001011011100001 (  36)                 ADD   R3 R3 #1
(3020) 1683  0001011010000011 (  37)                 ADD   R3 R2 R3
(3021) 08CD  0000100011001101 (  38)                 BRN   WRONGOUTPUT
(3022) 26EF  0010011011101111 (  39)                 LD    R3 ASCLL6
(3023) 96FF  1001011011111111 (  40)                 NOT   R3 R3
(3024) 16E1  0001011011100001 (  41)                 ADD   R3 R3 #1
(3025) 1683  0001011010000011 (  42)                 ADD   R3 R2 R3
(3026) 02C8  0000001011001000 (  43)                 BRP   WRONGOUTPUT
(3027) 4818  0100100000011000 (  44)                 JSR   BNUMSUB
(3028) 3AE0  0011101011100000 (  45)                 ST    R5 BNUM
(3029) 481F  0100100000011111 (  46)                 JSR   JUDGE
(302A) 483E  0100100000111110 (  47)                 JSR   JUDGESCORE
(302B) 20D5  0010000011010101 (  49)                 LD    R0 TEMPSTONER0
(302C) 26D0  0010011011010000 (  50)                 LD    R3 PLAYWHO
(302D) 16FF  0001011011111111 (  51)                 ADD   R3 R3 #-1
(302E) 0404  0000010000000100 (  52)                 BRZ   CHANGTO2
(302F) 56E0  0101011011100000 (  53)                 AND   R3 R3 #0
(3030) 16E1  0001011011100001 (  54)                 ADD   R3 R3 #1
(3031) 36CB  0011011011001011 (  55)                 ST    R3 PLAYWHO
(3032) 0FCD  0000111111001101 (  56)                 BRNZP LOOP
(3033) 16E0  0001011011100000 (  58) CHANGTO2        ADD   R3 R3 #0
(3034) 16E2  0001011011100010 (  59)                 ADD   R3 R3 #2
(3035) 36C7  0011011011000111 (  60)                 ST    R3 PLAYWHO
(3036) 0FC9  0000111111001001 (  61)                 BRNZP LOOP
(3037) 3ED4  0011111011010100 (  63) ANUMSUB         ST    R7 TEMPSTONER7
(3038) 36CB  0011011011001011 (  64)                 ST    R3 TEMPSTONER3
(3039) 26C5  0010011011000101 (  65)                 LD    R3 A
(303A) 96FF  1001011011111111 (  66)                 NOT   R3 R3
(303B) 16E1  0001011011100001 (  67)                 ADD   R3 R3 #1
(303C) 1843  0001100001000011 (  68)                 ADD   R4 R1 R3
(303D) 26C6  0010011011000110 (  69)                 LD    R3 TEMPSTONER3
(303E) 2ECD  0010111011001101 (  70)                 LD    R7 TEMPSTONER7
(303F) C1C0  1100000111000000 (  71)                 RET   
(3040) 3ECB  0011111011001011 (  73) BNUMSUB         ST    R7 TEMPSTONER7
(3041) 36C2  0011011011000010 (  74)                 ST    R3 TEMPSTONER3
(3042) 26CE  0010011011001110 (  75)                 LD    R3 ASCLL0
(3043) 96FF  1001011011111111 (  76)                 NOT   R3 R3
(3044) 16E1  0001011011100001 (  77)                 ADD   R3 R3 #1
(3045) 1A83  0001101010000011 (  78)                 ADD   R5 R2 R3
(3046) 26BD  0010011010111101 (  79)                 LD    R3 TEMPSTONER3
(3047) 2EC4  0010111011000100 (  80)                 LD    R7 TEMPSTONER7
(3048) C1C0  1100000111000000 (  81)                 RET   
(3049) 3EC3  0011111011000011 (  83) JUDGE           ST    R7 TEMPSTONER71
(304A) 20BD  0010000010111101 (  84)                 LD    R0 ANUM
(304B) 22BD  0010001010111101 (  85)                 LD    R1 BNUM
(304C) E4F4  1110010011110100 (  86)                 LEA   R2 STRINGS0
(304D) 14B7  0001010010110111 (  87)                 ADD   R2 R2 #-9
(304E) 14A9  0001010010101001 (  89) LOOPADD         ADD   R2 R2 #9
(304F) 127F  0001001001111111 (  90)                 ADD   R1 R1 #-1
(3050) 07FD  0000011111111101 (  91)                 BRZP  LOOPADD
(3051) 1480  0001010010000000 (  92)                 ADD   R2 R2 R0
(3052) 5260  0101001001100000 (  94)                 AND   R1 R1 #0
(3053) 6080  0110000010000000 (  95)                 LDR   R0 R2 #0
(3054) 4873  0100100001110011 (  96)                 JSR   HAVEBEUSE
(3055) 20B2  0010000010110010 (  97)                 LD    R0 ANUM
(3056) 5021  0101000000100001 (  98)                 AND   R0 R0 #1
(3057) 0404  0000010000000100 (  99)                 BRZ   NOWRONGPOS
(3058) 20B0  0010000010110000 ( 100)                 LD    R0 BNUM
(3059) 5021  0101000000100001 ( 101)                 AND   R0 R0 #1
(305A) 0401  0000010000000001 ( 102)                 BRZ   NOWRONGPOS
(305B) 0E93  0000111010010011 ( 103)                 BRNZP WRONGOUTPUT
(305C) 20AB  0010000010101011 ( 105) NOWRONGPOS      LD    R0 ANUM
(305D) 5021  0101000000100001 ( 106)                 AND   R0 R0 #1
(305E) 0206  0000001000000110 ( 107)                 BRP   CHANGESUB
(305F) 20A9  0010000010101001 ( 108)                 LD    R0 BNUM
(3060) 5021  0101000000100001 ( 109)                 AND   R0 R0 #1
(3061) 0200  0000001000000000 ( 110)                 BRP   CHANGEVER
(3062) 28AD  0010100010101101 ( 112) CHANGEVER       LD    R4 ASCLLVER
(3063) 7880  0111100010000000 ( 113)                 STR   R4 R2 #0
(3064) 0E02  0000111000000010 ( 114)                 BRNZP CHANGEEND
(3065) 28A9  0010100010101001 ( 116) CHANGESUB       LD    R4 ASCLLSUB
(3066) 7880  0111100010000000 ( 117)                 STR   R4 R2 #0
(3067) 2EA5  0010111010100101 ( 119) CHANGEEND       LD    R7 TEMPSTONER71
(3068) C1C0  1100000111000000 ( 120)                 RET   
(3069) 3097  0011000010010111 ( 122) JUDGESCORE      ST    R0 TEMPSTONER0
(306A) 3297  0011001010010111 ( 123)                 ST    R1 TEMPSTONER1
(306B) 3497  0011010010010111 ( 124)                 ST    R2 TEMPSTONER2
(306C) 3697  0011011010010111 ( 125)                 ST    R3 TEMPSTONER3
(306D) 3897  0011100010010111 ( 126)                 ST    R4 TEMPSTONER4
(306E) 3E9E  0011111010011110 ( 127)                 ST    R7 TEMPSTONER71
(306F) 5020  0101000000100000 ( 128)                 AND   R0 R0 #0
(3070) 5260  0101001001100000 ( 129)                 AND   R1 R1 #0
(3071) 54A0  0101010010100000 ( 130)                 AND   R2 R2 #0
(3072) 56E0  0101011011100000 ( 131)                 AND   R3 R3 #0
(3073) 5920  0101100100100000 ( 132)                 AND   R4 R4 #0
(3074) 103F  0001000000111111 ( 133)                 ADD   R0 R0 #-1
(3075) 127F  0001001001111111 ( 134)                 ADD   R1 R1 #-1
(3076) 5260  0101001001100000 ( 136) SCROELOOPOUT    AND   R1 R1 #0
(3077) 127F  0001001001111111 ( 137)                 ADD   R1 R1 #-1
(3078) 1022  0001000000100010 ( 138)                 ADD   R0 R0 #2
(3079) 5920  0101100100100000 ( 139)                 AND   R4 R4 #0
(307A) 1926  0001100100100110 ( 140)                 ADD   R4 R4 #6
(307B) 993F  1001100100111111 ( 141)                 NOT   R4 R4
(307C) 1921  0001100100100001 ( 142)                 ADD   R4 R4 #1
(307D) 1900  0001100100000000 ( 143)                 ADD   R4 R4 R0
(307E) 063D  0000011000111101 ( 144)                 BRZP  SCROEEND
(307F) 1262  0001001001100010 ( 146) SCROELOOPIN     ADD   R1 R1 #2
(3080) 5920  0101100100100000 ( 147)                 AND   R4 R4 #0
(3081) 1926  0001100100100110 ( 148)                 ADD   R4 R4 #6
(3082) 993F  1001100100111111 ( 149)                 NOT   R4 R4
(3083) 1921  0001100100100001 ( 150)                 ADD   R4 R4 #1
(3084) 1901  0001100100000001 ( 151)                 ADD   R4 R4 R1
(3085) 07F0  0000011111110000 ( 152)                 BRZP  SCROELOOPOUT
(3086) E4BA  1110010010111010 ( 153)                 LEA   R2 STRINGS0
(3087) 4836  0100100000110110 ( 154)                 JSR   LOOPADDS
(3088) 288A  0010100010001010 ( 155)                 LD    R4 ASCLLSPACE
(3089) 993F  1001100100111111 ( 156)                 NOT   R4 R4
(308A) 1921  0001100100100001 ( 157)                 ADD   R4 R4 #1
(308B) 6680  0110011010000000 ( 158)                 LDR   R3 R2 #0
(308C) 18C4  0001100011000100 ( 159)                 ADD   R4 R3 R4
(308D) 0BF1  0000101111110001 ( 160)                 BRNP  SCROELOOPIN
(308E) 6681  0110011010000001 ( 162)                 LDR   R3 R2 #1
(308F) 2880  0010100010000000 ( 163)                 LD    R4 ASCLLVER
(3090) 993F  1001100100111111 ( 164)                 NOT   R4 R4
(3091) 1921  0001100100100001 ( 165)                 ADD   R4 R4 #1
(3092) 1903  0001100100000011 ( 166)                 ADD   R4 R4 R3
(3093) 0BEB  0000101111101011 ( 167)                 BRNP  SCROELOOPIN
(3094) 66BF  0110011010111111 ( 168)                 LDR   R3 R2 #-1
(3095) 287A  0010100001111010 ( 169)                 LD    R4 ASCLLVER
(3096) 993F  1001100100111111 ( 170)                 NOT   R4 R4
(3097) 1921  0001100100100001 ( 171)                 ADD   R4 R4 #1
(3098) 1903  0001100100000011 ( 172)                 ADD   R4 R4 R3
(3099) 0BE5  0000101111100101 ( 173)                 BRNP  SCROELOOPIN
(309A) 6689  0110011010001001 ( 174)                 LDR   R3 R2 #9
(309B) 2873  0010100001110011 ( 175)                 LD    R4 ASCLLSUB
(309C) 993F  1001100100111111 ( 176)                 NOT   R4 R4
(309D) 1921  0001100100100001 ( 177)                 ADD   R4 R4 #1
(309E) 1903  0001100100000011 ( 178)                 ADD   R4 R4 R3
(309F) 0BDF  0000101111011111 ( 179)                 BRNP  SCROELOOPIN
(30A0) 66B7  0110011010110111 ( 180)                 LDR   R3 R2 #-9
(30A1) 286D  0010100001101101 ( 181)                 LD    R4 ASCLLSUB
(30A2) 993F  1001100100111111 ( 182)                 NOT   R4 R4
(30A3) 1921  0001100100100001 ( 183)                 ADD   R4 R4 #1
(30A4) 1903  0001100100000011 ( 184)                 ADD   R4 R4 R3
(30A5) 0BD9  0000101111011001 ( 185)                 BRNP  SCROELOOPIN
(30A6) 2656  0010011001010110 ( 186)                 LD    R3 PLAYWHO
(30A7) 2869  0010100001101001 ( 187)                 LD    R4 ASCLL0
(30A8) 16C4  0001011011000100 ( 188)                 ADD   R3 R3 R4
(30A9) 7680  0111011010000000 ( 189)                 STR   R3 R2 #0
(30AA) 2652  0010011001010010 ( 190)                 LD    R3 PLAYWHO
(30AB) 56E1  0101011011100001 ( 191)                 AND   R3 R3 #1
(30AC) 0C07  0000110000000111 ( 192)                 BRNZ  PLAY2SCOREADD
(30AD) 2A63  0010101001100011 ( 193)                 LD    R5 ASCLL0
(30AE) 16C5  0001011011000101 ( 194)                 ADD   R3 R3 R5
(30AF) 7680  0111011010000000 ( 195)                 STR   R3 R2 #0
(30B0) 2859  0010100001011001 ( 196)                 LD    R4 PLAY1SCORE
(30B1) 1921  0001100100100001 ( 197)                 ADD   R4 R4 #1
(30B2) 3857  0011100001010111 ( 198)                 ST    R4 PLAY1SCORE
(30B3) 0FCB  0000111111001011 ( 199)                 BRNZP SCROELOOPIN
(30B4) 2A5C  0010101001011100 ( 201) PLAY2SCOREADD   LD    R5 ASCLL0
(30B5) 1B62  0001101101100010 ( 202)                 ADD   R5 R5 #2
(30B6) 16C5  0001011011000101 ( 203)                 ADD   R3 R3 R5
(30B7) 7A80  0111101010000000 ( 204)                 STR   R5 R2 #0
(30B8) 2852  0010100001010010 ( 205)                 LD    R4 PLAY2SCORE
(30B9) 1921  0001100100100001 ( 206)                 ADD   R4 R4 #1
(30BA) 3850  0011100001010000 ( 207)                 ST    R4 PLAY2SCORE
(30BB) 0FC3  0000111111000011 ( 208)                 BRNZP SCROELOOPIN
(30BC) 2E50  0010111001010000 ( 210) SCROEEND        LD    R7 TEMPSTONER71
(30BD) C1C0  1100000111000000 ( 211)                 RET   
(30BE) 3E4D  0011111001001101 ( 213) LOOPADDS        ST    R7 TEMPSTONER7
(30BF) 3242  0011001001000010 ( 214)                 ST    R1 TEMPSTONER1
(30C0) 1C20  0001110000100000 ( 215)                 ADD   R6 R0 #0
(30C1) 14A9  0001010010101001 ( 217) AGAIN           ADD   R2 R2 #9
(30C2) 1DBF  0001110110111111 ( 218)                 ADD   R6 R6 #-1
(30C3) 03FD  0000001111111101 ( 219)                 BRP   AGAIN
(30C4) 1481  0001010010000001 ( 220)                 ADD   R2 R2 R1
(30C5) 2E46  0010111001000110 ( 221)                 LD    R7 TEMPSTONER7
(30C6) 223B  0010001000111011 ( 222)                 LD    R1 TEMPSTONER1
(30C7) C1C0  1100000111000000 ( 223)                 RET   
(30C8) 3E43  0011111001000011 ( 225) HAVEBEUSE       ST    R7 TEMPSTONER7
(30C9) 363A  0011011000111010 ( 226)                 ST    R3 TEMPSTONER3
(30CA) 2643  0010011001000011 ( 227)                 LD    R3 ASCLLSTAR
(30CB) 96FF  1001011011111111 ( 228)                 NOT   R3 R3
(30CC) 16E1  0001011011100001 ( 229)                 ADD   R3 R3 #1
(30CD) 1603  0001011000000011 ( 230)                 ADD   R3 R0 R3
(30CE) 0420  0000010000100000 ( 231)                 BRZ   WRONGOUTPUT
(30CF) 263F  0010011000111111 ( 232)                 LD    R3 ASCLLSUB
(30D0) 96FF  1001011011111111 ( 233)                 NOT   R3 R3
(30D1) 16E1  0001011011100001 ( 234)                 ADD   R3 R3 #1
(30D2) 1603  0001011000000011 ( 235)                 ADD   R3 R0 R3
(30D3) 041B  0000010000011011 ( 236)                 BRZ   WRONGOUTPUT
(30D4) 263B  0010011000111011 ( 237)                 LD    R3 ASCLLVER
(30D5) 96FF  1001011011111111 ( 238)                 NOT   R3 R3
(30D6) 16E1  0001011011100001 ( 239)                 ADD   R3 R3 #1
(30D7) 1603  0001011000000011 ( 240)                 ADD   R3 R0 R3
(30D8) 0416  0000010000010110 ( 241)                 BRZ   WRONGOUTPUT
(30D9) 262A  0010011000101010 ( 242)                 LD    R3 TEMPSTONER3
(30DA) 2E31  0010111000110001 ( 243)                 LD    R7 TEMPSTONER7
(30DB) C1C0  1100000111000000 ( 244)                 RET   
(30DC) 3024  0011000000100100 ( 246) OUTPUT          ST    R0 TEMPSTONER0
(30DD) 3E2E  0011111000101110 ( 247)                 ST    R7 TEMPSTONER7
(30DE) E062  1110000001100010 ( 248)                 LEA   R0 STRINGS0
(30DF) F022  1111000000100010 ( 249)                 TRAP  x22
(30E0) E069  1110000001101001 ( 250)                 LEA   R0 STRINGS1
(30E1) F022  1111000000100010 ( 251)                 TRAP  x22
(30E2) E070  1110000001110000 ( 252)                 LEA   R0 STRINGS2
(30E3) F022  1111000000100010 ( 253)                 TRAP  x22
(30E4) E077  1110000001110111 ( 254)                 LEA   R0 STRINGS3
(30E5) F022  1111000000100010 ( 255)                 TRAP  x22
(30E6) E07E  1110000001111110 ( 256)                 LEA   R0 STRINGS4
(30E7) F022  1111000000100010 ( 257)                 TRAP  x22
(30E8) E085  1110000010000101 ( 258)                 LEA   R0 STRINGS5
(30E9) F022  1111000000100010 ( 259)                 TRAP  x22
(30EA) E08C  1110000010001100 ( 260)                 LEA   R0 STRINGS6
(30EB) F022  1111000000100010 ( 261)                 TRAP  x22
(30EC) 2014  0010000000010100 ( 262)                 LD    R0 TEMPSTONER0
(30ED) 2E1E  0010111000011110 ( 263)                 LD    R7 TEMPSTONER7
(30EE) C1C0  1100000111000000 ( 264)                 RET   
(30EF) 3011  0011000000010001 ( 266) WRONGOUTPUT     ST    R0 TEMPSTONER0
(30F0) E023  1110000000100011 ( 267)                 LEA   R0 WRONGOUT1
(30F1) F022  1111000000100010 ( 268)                 TRAP  x22
(30F2) 200A  0010000000001010 ( 269)                 LD    R0 PLAYWHO
(30F3) 1620  0001011000100000 ( 270)                 ADD   R3 R0 #0
(30F4) 221C  0010001000011100 ( 271)                 LD    R1 ASCLL0
(30F5) 1001  0001000000000001 ( 272)                 ADD   R0 R0 R1
(30F6) F021  1111000000100001 ( 273)                 TRAP  x21
(30F7) 3605  0011011000000101 ( 274)                 ST    R3 PLAYWHO
(30F8) E022  1110000000100010 ( 275)                 LEA   R0 WRONGOUT2
(30F9) F022  1111000000100010 ( 276)                 TRAP  x22
(30FA) 2006  0010000000000110 ( 277)                 LD    R0 TEMPSTONER0
(30FB) 0F04  0000111100000100 ( 278)                 BRNZP LOOP
(30FC) F025  1111000000100101 ( 280) EN              TRAP  x25
(30FD) 0001  0000000000000001 ( 281) PLAYWHO         .FILL x0001
(30FE) 0051  0000000001010001 ( 282) Q               .FILL x0051
(30FF) 0041  0000000001000001 ( 283) A               .FILL x0041
(3100) 0047  0000000001000111 ( 284) G               .FILL x0047
(3101) 0000  0000000000000000 ( 285) TEMPSTONER0     .FILL x0000
(3102) 0000  0000000000000000 ( 286) TEMPSTONER1     .FILL x0000
(3103) 0000  0000000000000000 ( 287) TEMPSTONER2     .FILL x0000
(3104) 0000  0000000000000000 ( 288) TEMPSTONER3     .FILL x0000
(3105) 0000  0000000000000000 ( 289) TEMPSTONER4     .FILL x0000
(3106) 0000  0000000000000000 ( 290) CHARA           .FILL x0000
(3107) 0000  0000000000000000 ( 291) CHARB           .FILL x0000
(3108) 0000  0000000000000000 ( 292) ANUM            .FILL x0000
(3109) 0000  0000000000000000 ( 293) BNUM            .FILL x0000
(310A) 0000  0000000000000000 ( 294) PLAY1SCORE      .FILL x0000
(310B) 0000  0000000000000000 ( 295) PLAY2SCORE      .FILL x0000
(310C) 0000  0000000000000000 ( 296) TEMPSTONER7     .FILL x0000
(310D) 0000  0000000000000000 ( 297) TEMPSTONER71    .FILL x0000
(310E) 002A  0000000000101010 ( 298) ASCLLSTAR       .FILL x002A
(310F) 002D  0000000000101101 ( 299) ASCLLSUB        .FILL x002D
(3110) 007C  0000000001111100 ( 300) ASCLLVER        .FILL x007C
(3111) 0030  0000000000110000 ( 301) ASCLL0          .FILL x0030
(3112) 0036  0000000000110110 ( 302) ASCLL6          .FILL x0036
(3113) 0020  0000000000100000 ( 303) ASCLLSPACE      .FILL x0020
(3114) 0070  0000000001110000 ( 304) WRONGOUT1       .FILL x0070
(3115) 006C  0000000001101100 ( 304)                 .FILL x006C
(3116) 0061  0000000001100001 ( 304)                 .FILL x0061
(3117) 0079  0000000001111001 ( 304)                 .FILL x0079
(3118) 0065  0000000001100101 ( 304)                 .FILL x0065
(3119) 0072  0000000001110010 ( 304)                 .FILL x0072
(311A) 0000  0000000000000000 ( 304)                 .FILL x0000
(311B) 0020  0000000000100000 ( 305) WRONGOUT2       .FILL x0020
(311C) 0069  0000000001101001 ( 305)                 .FILL x0069
(311D) 006E  0000000001101110 ( 305)                 .FILL x006E
(311E) 0070  0000000001110000 ( 305)                 .FILL x0070
(311F) 0075  0000000001110101 ( 305)                 .FILL x0075
(3120) 0074  0000000001110100 ( 305)                 .FILL x0074
(3121) 0020  0000000000100000 ( 305)                 .FILL x0020
(3122) 0061  0000000001100001 ( 305)                 .FILL x0061
(3123) 0072  0000000001110010 ( 305)                 .FILL x0072
(3124) 0065  0000000001100101 ( 305)                 .FILL x0065
(3125) 0020  0000000000100000 ( 305)                 .FILL x0020
(3126) 0077  0000000001110111 ( 305)                 .FILL x0077
(3127) 0072  0000000001110010 ( 305)                 .FILL x0072
(3128) 006F  0000000001101111 ( 305)                 .FILL x006F
(3129) 006E  0000000001101110 ( 305)                 .FILL x006E
(312A) 0067  0000000001100111 ( 305)                 .FILL x0067
(312B) 0021  0000000000100001 ( 305)                 .FILL x0021
(312C) 0020  0000000000100000 ( 305)                 .FILL x0020
(312D) 0070  0000000001110000 ( 305)                 .FILL x0070
(312E) 006C  0000000001101100 ( 305)                 .FILL x006C
(312F) 0065  0000000001100101 ( 305)                 .FILL x0065
(3130) 0061  0000000001100001 ( 305)                 .FILL x0061
(3131) 0073  0000000001110011 ( 305)                 .FILL x0073
(3132) 0065  0000000001100101 ( 305)                 .FILL x0065
(3133) 0020  0000000000100000 ( 305)                 .FILL x0020
(3134) 0069  0000000001101001 ( 305)                 .FILL x0069
(3135) 006E  0000000001101110 ( 305)                 .FILL x006E
(3136) 0070  0000000001110000 ( 305)                 .FILL x0070
(3137) 0075  0000000001110101 ( 305)                 .FILL x0075
(3138) 0074  0000000001110100 ( 305)                 .FILL x0074
(3139) 0020  0000000000100000 ( 305)                 .FILL x0020
(313A) 0061  0000000001100001 ( 305)                 .FILL x0061
(313B) 0067  0000000001100111 ( 305)                 .FILL x0067
(313C) 0061  0000000001100001 ( 305)                 .FILL x0061
(313D) 0069  0000000001101001 ( 305)                 .FILL x0069
(313E) 006E  0000000001101110 ( 305)                 .FILL x006E
(313F) 000A  0000000000001010 ( 305)                 .FILL x000A
(3140) 0000  0000000000000000 ( 305)                 .FILL x0000
(3141) 002A  0000000000101010 ( 306) STRINGS0        .FILL x002A
(3142) 0020  0000000000100000 ( 306)                 .FILL x0020
(3143) 002A  0000000000101010 ( 306)                 .FILL x002A
(3144) 0020  0000000000100000 ( 306)                 .FILL x0020
(3145) 002A  0000000000101010 ( 306)                 .FILL x002A
(3146) 0020  0000000000100000 ( 306)                 .FILL x0020
(3147) 002A  0000000000101010 ( 306)                 .FILL x002A
(3148) 000A  0000000000001010 ( 306)                 .FILL x000A
(3149) 0000  0000000000000000 ( 306)                 .FILL x0000
(314A) 0020  0000000000100000 ( 307) STRINGS1        .FILL x0020
(314B) 0020  0000000000100000 ( 307)                 .FILL x0020
(314C) 0020  0000000000100000 ( 307)                 .FILL x0020
(314D) 0020  0000000000100000 ( 307)                 .FILL x0020
(314E) 0020  0000000000100000 ( 307)                 .FILL x0020
(314F) 0020  0000000000100000 ( 307)                 .FILL x0020
(3150) 0020  0000000000100000 ( 307)                 .FILL x0020
(3151) 000A  0000000000001010 ( 307)                 .FILL x000A
(3152) 0000  0000000000000000 ( 307)                 .FILL x0000
(3153) 002A  0000000000101010 ( 308) STRINGS2        .FILL x002A
(3154) 0020  0000000000100000 ( 308)                 .FILL x0020
(3155) 002A  0000000000101010 ( 308)                 .FILL x002A
(3156) 0020  0000000000100000 ( 308)                 .FILL x0020
(3157) 002A  0000000000101010 ( 308)                 .FILL x002A
(3158) 0020  0000000000100000 ( 308)                 .FILL x0020
(3159) 002A  0000000000101010 ( 308)                 .FILL x002A
(315A) 000A  0000000000001010 ( 308)                 .FILL x000A
(315B) 0000  0000000000000000 ( 308)                 .FILL x0000
(315C) 0020  0000000000100000 ( 309) STRINGS3        .FILL x0020
(315D) 0020  0000000000100000 ( 309)                 .FILL x0020
(315E) 0020  0000000000100000 ( 309)                 .FILL x0020
(315F) 0020  0000000000100000 ( 309)                 .FILL x0020
(3160) 0020  0000000000100000 ( 309)                 .FILL x0020
(3161) 0020  0000000000100000 ( 309)                 .FILL x0020
(3162) 0020  0000000000100000 ( 309)                 .FILL x0020
(3163) 000A  0000000000001010 ( 309)                 .FILL x000A
(3164) 0000  0000000000000000 ( 309)                 .FILL x0000
(3165) 002A  0000000000101010 ( 310) STRINGS4        .FILL x002A
(3166) 0020  0000000000100000 ( 310)                 .FILL x0020
(3167) 002A  0000000000101010 ( 310)                 .FILL x002A
(3168) 0020  0000000000100000 ( 310)                 .FILL x0020
(3169) 002A  0000000000101010 ( 310)                 .FILL x002A
(316A) 0020  0000000000100000 ( 310)                 .FILL x0020
(316B) 002A  0000000000101010 ( 310)                 .FILL x002A
(316C) 000A  0000000000001010 ( 310)                 .FILL x000A
(316D) 0000  0000000000000000 ( 310)                 .FILL x0000
(316E) 0020  0000000000100000 ( 311) STRINGS5        .FILL x0020
(316F) 0020  0000000000100000 ( 311)                 .FILL x0020
(3170) 0020  0000000000100000 ( 311)                 .FILL x0020
(3171) 0020  0000000000100000 ( 311)                 .FILL x0020
(3172) 0020  0000000000100000 ( 311)                 .FILL x0020
(3173) 0020  0000000000100000 ( 311)                 .FILL x0020
(3174) 0020  0000000000100000 ( 311)                 .FILL x0020
(3175) 000A  0000000000001010 ( 311)                 .FILL x000A
(3176) 0000  0000000000000000 ( 311)                 .FILL x0000
(3177) 002A  0000000000101010 ( 312) STRINGS6        .FILL x002A
(3178) 0020  0000000000100000 ( 312)                 .FILL x0020
(3179) 002A  0000000000101010 ( 312)                 .FILL x002A
(317A) 0020  0000000000100000 ( 312)                 .FILL x0020
(317B) 002A  0000000000101010 ( 312)                 .FILL x002A
(317C) 0020  0000000000100000 ( 312)                 .FILL x0020
(317D) 002A  0000000000101010 ( 312)                 .FILL x002A
(317E) 000A  0000000000001010 ( 312)                 .FILL x000A
(317F) 0000  0000000000000000 ( 312)                 .FILL x0000
