(0000) 3000  0011000000000000 (   1)                 .ORIG x3000
(3000) 2C30  0010110000110000 (   2)                 LD    R6 SPRT
(3001) 2230  0010001000110000 (   3)                 LD    R1 POS
(3002) 2430  0010010000110000 (   4)                 LD    R2 VECTOR
(3003) 7280  0111001010000000 (   5)                 STR   R1 R2 #0
(3004) 262F  0010011000101111 (   6)                 LD    R3 IE
(3005) B62F  1011011000101111 (   7)                 STI   R3 KBSR
(3006) 2837  0010100000110111 (   9) BEGIN           LD    R4 SIX
(3007) 202F  0010000000101111 (  11) OUT1            LD    R0 I
(3008) F021  1111000000100001 (  12)                 TRAP  x21
(3009) 4820  0100100000100000 (  13)                 JSR   WAIT
(300A) 202D  0010000000101101 (  14)                 LD    R0 C
(300B) F021  1111000000100001 (  15)                 TRAP  x21
(300C) 481D  0100100000011101 (  16)                 JSR   WAIT
(300D) 202B  0010000000101011 (  17)                 LD    R0 S
(300E) F021  1111000000100001 (  18)                 TRAP  x21
(300F) 481A  0100100000011010 (  19)                 JSR   WAIT
(3010) E029  1110000000101001 (  20)                 LEA   R0 SPACE
(3011) F022  1111000000100010 (  21)                 TRAP  x22
(3012) 193F  0001100100111111 (  22)                 ADD   R4 R4 #-1
(3013) 03F3  0000001111110011 (  23)                 BRP   OUT1
(3014) 202D  0010000000101101 (  24)                 LD    R0 NEXTLINE
(3015) F021  1111000000100001 (  25)                 TRAP  x21
(3016) 2827  0010100000100111 (  26)                 LD    R4 SIX
(3017) 193F  0001100100111111 (  27)                 ADD   R4 R4 #-1
(3018) 0E00  0000111000000000 (  28)                 BRNZP OUT2
(3019) E020  1110000000100000 (  30) OUT2            LEA   R0 SPACE
(301A) F022  1111000000100010 (  31)                 TRAP  x22
(301B) 201B  0010000000011011 (  32)                 LD    R0 I
(301C) F021  1111000000100001 (  33)                 TRAP  x21
(301D) 480C  0100100000001100 (  34)                 JSR   WAIT
(301E) 2019  0010000000011001 (  35)                 LD    R0 C
(301F) F021  1111000000100001 (  36)                 TRAP  x21
(3020) 4809  0100100000001001 (  37)                 JSR   WAIT
(3021) 2017  0010000000010111 (  38)                 LD    R0 S
(3022) F021  1111000000100001 (  39)                 TRAP  x21
(3023) 4806  0100100000000110 (  40)                 JSR   WAIT
(3024) 193F  0001100100111111 (  41)                 ADD   R4 R4 #-1
(3025) 03F3  0000001111110011 (  42)                 BRP   OUT2
(3026) 201B  0010000000011011 (  43)                 LD    R0 NEXTLINE
(3027) F021  1111000000100001 (  44)                 TRAP  x21
(3028) 2815  0010100000010101 (  45)                 LD    R4 SIX
(3029) 0FDD  0000111111011101 (  46)                 BRNZP OUT1
(302A) 3216  0011001000010110 (  48) WAIT            ST    R1 STONER1
(302B) 2213  0010001000010011 (  49)                 LD    R1 WAITNUM
(302C) 127F  0001001001111111 (  51) AGAIN           ADD   R1 R1 #-1
(302D) 03FE  0000001111111110 (  52)                 BRP   AGAIN
(302E) 2212  0010001000010010 (  53)                 LD    R1 STONER1
(302F) C1C0  1100000111000000 (  54)                 RET   
(3030) F025  1111000000100101 (  55)                 TRAP  x25
(3031) 4000  0100000000000000 (  56) SPRT            .FILL x4000
(3032) 2000  0010000000000000 (  57) POS             .FILL x2000
(3033) 0180  0000000110000000 (  58) VECTOR          .FILL x0180
(3034) 4000  0100000000000000 (  59) IE              .FILL x4000
(3035) FE00  1111111000000000 (  60) KBSR            .FILL xFE00
(3036) FE02  1111111000000010 (  61) KBDR            .FILL xFE02
(3037) 0049  0000000001001001 (  62) I               .FILL x0049
(3038) 0043  0000000001000011 (  63) C               .FILL x0043
(3039) 0053  0000000001010011 (  64) S               .FILL x0053
(303A) 0020  0000000000100000 (  65) SPACE           .FILL x0020
(303B) 0020  0000000000100000 (  65)                 .FILL x0020
(303C) 0020  0000000000100000 (  65)                 .FILL x0020
(303D) 0000  0000000000000000 (  65)                 .FILL x0000
(303E) 0006  0000000000000110 (  66) SIX             .FILL x0006
(303F) 2FFF  0010111111111111 (  67) WAITNUM         .FILL x2FFF
(3040) 0000  0000000000000000 (  69) STONER7         .FILL x0000
(3041) 0000  0000000000000000 (  70) STONER1         .FILL x0000
(3042) 000A  0000000000001010 (  70) NEXTLINE        .FILL x000A
