(0000) 2000  0010000000000000 (   1)                 .ORIG x2000
(2000) 3020  0011000000100000 (   2)                 ST    R0 STONER0
(2001) 321E  0011001000011110 (   3)                 ST    R1 STONER1
(2002) 341C  0011010000011100 (   4)                 ST    R2 STONER2
(2003) 2422  0010010000100010 (   5)                 LD    R2 TEN
(2004) A21D  1010001000011101 (   7) IN1             LDI   R1 KBSR
(2005) 07FE  0000011111111110 (   8)                 BRZP  IN1
(2006) A01C  1010000000011100 (   9)                 LDI   R0 KBDR
(2007) A21C  1010001000011100 (  11) OUT1            LDI   R1 DSR
(2008) 07FE  0000011111111110 (  12)                 BRZP  OUT1
(2009) B01B  1011000000011011 (  13)                 STI   R0 DDR
(200A) 14BF  0001010010111111 (  14)                 ADD   R2 R2 #-1
(200B) 03FB  0000001111111011 (  15)                 BRP   OUT1
(200C) A215  1010001000010101 (  17) IN2             LDI   R1 KBSR
(200D) 07FE  0000011111111110 (  18)                 BRZP  IN2
(200E) A014  1010000000010100 (  19)                 LDI   R0 KBDR
(200F) 1236  0001001000110110 (  20)                 ADD   R1 R0 #-10
(2010) 0401  0000010000000001 (  21)                 BRZ   RETURN
(2011) 0FFA  0000111111111010 (  22)                 BRNZP IN2
(2012) A211  1010001000010001 (  24) RETURN          LDI   R1 DSR
(2013) 07FE  0000011111111110 (  25)                 BRZP  RETURN
(2014) 2009  0010000000001001 (  26)                 LD    R0 SPACE
(2015) B00F  1011000000001111 (  27)                 STI   R0 DDR
(2016) A20D  1010001000001101 (  29) OUT2            LDI   R1 DSR
(2017) 07FE  0000011111111110 (  30)                 BRZP  OUT2
(2018) B00C  1011000000001100 (  31)                 STI   R0 DDR
(2019) 193E  0001100100111110 (  32)                 ADD   R4 R4 #-2
(201A) 2006  0010000000000110 (  33)                 LD    R0 STONER0
(201B) 2204  0010001000000100 (  34)                 LD    R1 STONER1
(201C) 2402  0010010000000010 (  35)                 LD    R2 STONER2
(201D) 8000  1000000000000000 (  36)                 RTI   
(201E) 0020  0000000000100000 (  37) SPACE           .FILL x0020
(201F) 0000  0000000000000000 (  39) STONER2         .FILL x0000
(2020) 0000  0000000000000000 (  40) STONER1         .FILL x0000
(2021) 0000  0000000000000000 (  41) STONER0         .FILL x0000
(2022) FE00  1111111000000000 (  41) KBSR            .FILL xFE00
(2023) FE02  1111111000000010 (  42) KBDR            .FILL xFE02
(2024) FE04  1111111000000100 (  43) DSR             .FILL xFE04
(2025) FE06  1111111000000110 (  44) DDR             .FILL xFE06
(2026) 000A  0000000000001010 (  45) TEN             .FILL x000A
